# JRE version: OpenJDK Runtime Environment Temurin-17.0.13+11 (17.0.13+11) (build 17.0.13+11)
# Java VM: OpenJDK 64-Bit Server VM Temurin-17.0.13+11 (17.0.13+11, mixed mode, tiered, compressed oops, compressed class ptrs, parallel gc, windows-amd64)
GC Precious Log:
 CPUs: 32 total, 32 available
 Memory: 32386M
 Large Page Support: Disabled
 NUMA Support: Disabled
 Compressed Oops: Enabled (32-bit)
 Alignments: Space 512K, Generation 512K, Heap 2M
 Heap Min Capacity: 100M
 Heap Initial Capacity: 100M
 Heap Max Capacity: 1G
 Pre-touch: Disabled
 Parallel Workers: 23
Heap:
 PSYoungGen      total 4608K, used 1892K [0x00000000eab00000, 0x00000000eb180000, 0x0000000100000000)
  eden space 2560K, 12% used [0x00000000eab00000,0x00000000eab4f7a8,0x00000000ead80000)
  from space 2048K, 76% used [0x00000000eaf80000,0x00000000eb109b58,0x00000000eb180000)
  to   space 2048K, 0% used [0x00000000ead80000,0x00000000ead80000,0x00000000eaf80000)
 ParOldGen       total 337408K, used 281636K [0x00000000c0000000, 0x00000000d4980000, 0x00000000eab00000)
  object space 337408K, 83% used [0x00000000c0000000,0x00000000d1309148,0x00000000d4980000)
 Metaspace       used 92390K, committed 93760K, reserved 1179648K
  class space    used 9462K, committed 10112K, reserved 1048576K
GC Heap History (20 events):
Event: 579.014 GC heap before
{Heap before GC invocations=640 (full 11):
 PSYoungGen      total 6144K, used 5856K [0x00000000eab00000, 0x00000000eb200000, 0x0000000100000000)
  eden space 5632K, 100% used [0x00000000eab00000,0x00000000eb080000,0x00000000eb080000)
  from space 512K, 43% used [0x00000000eb180000,0x00000000eb1b8000,0x00000000eb200000)
  to   space 512K, 0% used [0x00000000eb100000,0x00000000eb100000,0x00000000eb180000)
 ParOldGen       total 337408K, used 275942K [0x00000000c0000000, 0x00000000d4980000, 0x00000000eab00000)
  object space 337408K, 81% used [0x00000000c0000000,0x00000000d0d79858,0x00000000d4980000)
 Metaspace       used 92361K, committed 93760K, reserved 1179648K
  class space    used 9462K, committed 10112K, reserved 1048576K
}
Event: 579.015 GC heap after
{Heap after GC invocations=640 (full 11):
 PSYoungGen      total 6144K, used 512K [0x00000000eab00000, 0x00000000eb380000, 0x0000000100000000)
  eden space 5632K, 0% used [0x00000000eab00000,0x00000000eab00000,0x00000000eb080000)
  from space 512K, 100% used [0x00000000eb100000,0x00000000eb180000,0x00000000eb180000)
  to   space 1536K, 0% used [0x00000000eb200000,0x00000000eb200000,0x00000000eb380000)
 ParOldGen       total 337408K, used 276533K [0x00000000c0000000, 0x00000000d4980000, 0x00000000eab00000)
  object space 337408K, 81% used [0x00000000c0000000,0x00000000d0e0d5e0,0x00000000d4980000)
 Metaspace       used 92361K, committed 93760K, reserved 1179648K
  class space    used 9462K, committed 10112K, reserved 1048576K
}
Event: 579.234 GC heap before
{Heap before GC invocations=641 (full 11):
 PSYoungGen      total 6144K, used 6144K [0x00000000eab00000, 0x00000000eb380000, 0x0000000100000000)
  eden space 5632K, 100% used [0x00000000eab00000,0x00000000eb080000,0x00000000eb080000)
  from space 512K, 100% used [0x00000000eb100000,0x00000000eb180000,0x00000000eb180000)
  to   space 1536K, 0% used [0x00000000eb200000,0x00000000eb200000,0x00000000eb380000)
 ParOldGen       total 337408K, used 276533K [0x00000000c0000000, 0x00000000d4980000, 0x00000000eab00000)
  object space 337408K, 81% used [0x00000000c0000000,0x00000000d0e0d5e0,0x00000000d4980000)
 Metaspace       used 92368K, committed 93760K, reserved 1179648K
  class space    used 9462K, committed 10112K, reserved 1048576K
}
Event: 579.235 GC heap after
{Heap after GC invocations=641 (full 11):
 PSYoungGen      total 6144K, used 1526K [0x00000000eab00000, 0x00000000eb580000, 0x0000000100000000)
  eden space 4608K, 0% used [0x00000000eab00000,0x00000000eab00000,0x00000000eaf80000)
  from space 1536K, 99% used [0x00000000eb200000,0x00000000eb37db40,0x00000000eb380000)
  to   space 2560K, 0% used [0x00000000eaf80000,0x00000000eaf80000,0x00000000eb200000)
 ParOldGen       total 337408K, used 277066K [0x00000000c0000000, 0x00000000d4980000, 0x00000000eab00000)
  object space 337408K, 82% used [0x00000000c0000000,0x00000000d0e92a80,0x00000000d4980000)
 Metaspace       used 92368K, committed 93760K, reserved 1179648K
  class space    used 9462K, committed 10112K, reserved 1048576K
}
Event: 579.358 GC heap before
{Heap before GC invocations=642 (full 11):
 PSYoungGen      total 6144K, used 6134K [0x00000000eab00000, 0x00000000eb580000, 0x0000000100000000)
  eden space 4608K, 100% used [0x00000000eab00000,0x00000000eaf80000,0x00000000eaf80000)
  from space 1536K, 99% used [0x00000000eb200000,0x00000000eb37db40,0x00000000eb380000)
  to   space 2560K, 0% used [0x00000000eaf80000,0x00000000eaf80000,0x00000000eb200000)
 ParOldGen       total 337408K, used 277066K [0x00000000c0000000, 0x00000000d4980000, 0x00000000eab00000)
  object space 337408K, 82% used [0x00000000c0000000,0x00000000d0e92a80,0x00000000d4980000)
 Metaspace       used 92370K, committed 93760K, reserved 1179648K
  class space    used 9462K, committed 10112K, reserved 1048576K
}
Event: 579.360 GC heap after
{Heap after GC invocations=642 (full 11):
 PSYoungGen      total 5632K, used 576K [0x00000000eab00000, 0x00000000eb280000, 0x0000000100000000)
  eden space 4608K, 0% used [0x00000000eab00000,0x00000000eab00000,0x00000000eaf80000)
  from space 1024K, 56% used [0x00000000eaf80000,0x00000000eb010000,0x00000000eb080000)
  to   space 1536K, 0% used [0x00000000eb100000,0x00000000eb100000,0x00000000eb280000)
 ParOldGen       total 337408K, used 278538K [0x00000000c0000000, 0x00000000d4980000, 0x00000000eab00000)
  object space 337408K, 82% used [0x00000000c0000000,0x00000000d1002bd0,0x00000000d4980000)
 Metaspace       used 92370K, committed 93760K, reserved 1179648K
  class space    used 9462K, committed 10112K, reserved 1048576K
}
Event: 579.409 GC heap before
{Heap before GC invocations=643 (full 11):
 PSYoungGen      total 5632K, used 5184K [0x00000000eab00000, 0x00000000eb280000, 0x0000000100000000)
  eden space 4608K, 100% used [0x00000000eab00000,0x00000000eaf80000,0x00000000eaf80000)
  from space 1024K, 56% used [0x00000000eaf80000,0x00000000eb010000,0x00000000eb080000)
  to   space 1536K, 0% used [0x00000000eb100000,0x00000000eb100000,0x00000000eb280000)
 ParOldGen       total 337408K, used 278538K [0x00000000c0000000, 0x00000000d4980000, 0x00000000eab00000)
  object space 337408K, 82% used [0x00000000c0000000,0x00000000d1002bd0,0x00000000d4980000)
 Metaspace       used 92370K, committed 93760K, reserved 1179648K
  class space    used 9462K, committed 10112K, reserved 1048576K
}
Event: 579.410 GC heap after
{Heap after GC invocations=643 (full 11):
 PSYoungGen      total 5632K, used 1382K [0x00000000eab00000, 0x00000000eb380000, 0x0000000100000000)
  eden space 4096K, 0% used [0x00000000eab00000,0x00000000eab00000,0x00000000eaf00000)
  from space 1536K, 90% used [0x00000000eb100000,0x00000000eb259b70,0x00000000eb280000)
  to   space 2048K, 0% used [0x00000000eaf00000,0x00000000eaf00000,0x00000000eb100000)
 ParOldGen       total 337408K, used 278690K [0x00000000c0000000, 0x00000000d4980000, 0x00000000eab00000)
  object space 337408K, 82% used [0x00000000c0000000,0x00000000d1028bd0,0x00000000d4980000)
 Metaspace       used 92370K, committed 93760K, reserved 1179648K
  class space    used 9462K, committed 10112K, reserved 1048576K
}
Event: 579.568 GC heap before
{Heap before GC invocations=644 (full 11):
 PSYoungGen      total 5632K, used 5459K [0x00000000eab00000, 0x00000000eb380000, 0x0000000100000000)
  eden space 4096K, 99% used [0x00000000eab00000,0x00000000eaefb460,0x00000000eaf00000)
  from space 1536K, 90% used [0x00000000eb100000,0x00000000eb259b70,0x00000000eb280000)
  to   space 2048K, 0% used [0x00000000eaf00000,0x00000000eaf00000,0x00000000eb100000)
 ParOldGen       total 337408K, used 278690K [0x00000000c0000000, 0x00000000d4980000, 0x00000000eab00000)
  object space 337408K, 82% used [0x00000000c0000000,0x00000000d1028bd0,0x00000000d4980000)
 Metaspace       used 92370K, committed 93760K, reserved 1179648K
  class space    used 9462K, committed 10112K, reserved 1048576K
}
Event: 579.570 GC heap after
{Heap after GC invocations=644 (full 11):
 PSYoungGen      total 6144K, used 1499K [0x00000000eab00000, 0x00000000eb300000, 0x0000000100000000)
  eden space 4096K, 0% used [0x00000000eab00000,0x00000000eab00000,0x00000000eaf00000)
  from space 2048K, 73% used [0x00000000eaf00000,0x00000000eb076da8,0x00000000eb100000)
  to   space 2048K, 0% used [0x00000000eb100000,0x00000000eb100000,0x00000000eb300000)
 ParOldGen       total 337408K, used 279766K [0x00000000c0000000, 0x00000000d4980000, 0x00000000eab00000)
  object space 337408K, 82% used [0x00000000c0000000,0x00000000d1135bf0,0x00000000d4980000)
 Metaspace       used 92370K, committed 93760K, reserved 1179648K
  class space    used 9462K, committed 10112K, reserved 1048576K
}
Event: 579.710 GC heap before
{Heap before GC invocations=645 (full 11):
 PSYoungGen      total 6144K, used 5595K [0x00000000eab00000, 0x00000000eb300000, 0x0000000100000000)
  eden space 4096K, 100% used [0x00000000eab00000,0x00000000eaf00000,0x00000000eaf00000)
  from space 2048K, 73% used [0x00000000eaf00000,0x00000000eb076da8,0x00000000eb100000)
  to   space 2048K, 0% used [0x00000000eb100000,0x00000000eb100000,0x00000000eb300000)
 ParOldGen       total 337408K, used 279766K [0x00000000c0000000, 0x00000000d4980000, 0x00000000eab00000)
  object space 337408K, 82% used [0x00000000c0000000,0x00000000d1135bf0,0x00000000d4980000)
 Metaspace       used 92372K, committed 93760K, reserved 1179648K
  class space    used 9462K, committed 10112K, reserved 1048576K
}
Event: 579.711 GC heap after
{Heap after GC invocations=645 (full 11):
 PSYoungGen      total 6144K, used 1574K [0x00000000eab00000, 0x00000000eb300000, 0x0000000100000000)
  eden space 4096K, 0% used [0x00000000eab00000,0x00000000eab00000,0x00000000eaf00000)
  from space 2048K, 76% used [0x00000000eb100000,0x00000000eb289b50,0x00000000eb300000)
  to   space 2048K, 0% used [0x00000000eaf00000,0x00000000eaf00000,0x00000000eb100000)
 ParOldGen       total 337408K, used 279766K [0x00000000c0000000, 0x00000000d4980000, 0x00000000eab00000)
  object space 337408K, 82% used [0x00000000c0000000,0x00000000d1135bf0,0x00000000d4980000)
 Metaspace       used 92372K, committed 93760K, reserved 1179648K
  class space    used 9462K, committed 10112K, reserved 1048576K
}
Event: 579.793 GC heap before
{Heap before GC invocations=646 (full 11):
 PSYoungGen      total 6144K, used 5670K [0x00000000eab00000, 0x00000000eb300000, 0x0000000100000000)
  eden space 4096K, 100% used [0x00000000eab00000,0x00000000eaf00000,0x00000000eaf00000)
  from space 2048K, 76% used [0x00000000eb100000,0x00000000eb289b50,0x00000000eb300000)
  to   space 2048K, 0% used [0x00000000eaf00000,0x00000000eaf00000,0x00000000eb100000)
 ParOldGen       total 337408K, used 279766K [0x00000000c0000000, 0x00000000d4980000, 0x00000000eab00000)
  object space 337408K, 82% used [0x00000000c0000000,0x00000000d1135bf0,0x00000000d4980000)
 Metaspace       used 92384K, committed 93760K, reserved 1179648K
  class space    used 9462K, committed 10112K, reserved 1048576K
}
Event: 579.794 GC heap after
{Heap after GC invocations=646 (full 11):
 PSYoungGen      total 5632K, used 1421K [0x00000000eab00000, 0x00000000eb200000, 0x0000000100000000)
  eden space 4096K, 0% used [0x00000000eab00000,0x00000000eab00000,0x00000000eaf00000)
  from space 1536K, 92% used [0x00000000eaf00000,0x00000000eb063688,0x00000000eb080000)
  to   space 1536K, 0% used [0x00000000eb080000,0x00000000eb080000,0x00000000eb200000)
 ParOldGen       total 337408K, used 279766K [0x00000000c0000000, 0x00000000d4980000, 0x00000000eab00000)
  object space 337408K, 82% used [0x00000000c0000000,0x00000000d1135bf0,0x00000000d4980000)
 Metaspace       used 92384K, committed 93760K, reserved 1179648K
  class space    used 9462K, committed 10112K, reserved 1048576K
}
Event: 579.804 GC heap before
{Heap before GC invocations=647 (full 11):
 PSYoungGen      total 5632K, used 5517K [0x00000000eab00000, 0x00000000eb200000, 0x0000000100000000)
  eden space 4096K, 100% used [0x00000000eab00000,0x00000000eaf00000,0x00000000eaf00000)
  from space 1536K, 92% used [0x00000000eaf00000,0x00000000eb063688,0x00000000eb080000)
  to   space 1536K, 0% used [0x00000000eb080000,0x00000000eb080000,0x00000000eb200000)
 ParOldGen       total 337408K, used 279766K [0x00000000c0000000, 0x00000000d4980000, 0x00000000eab00000)
  object space 337408K, 82% used [0x00000000c0000000,0x00000000d1135bf0,0x00000000d4980000)
 Metaspace       used 92384K, committed 93760K, reserved 1179648K
  class space    used 9462K, committed 10112K, reserved 1048576K
}
Event: 579.805 GC heap after
{Heap after GC invocations=647 (full 11):
 PSYoungGen      total 4096K, used 1510K [0x00000000eab00000, 0x00000000eb500000, 0x0000000100000000)
  eden space 2560K, 0% used [0x00000000eab00000,0x00000000eab00000,0x00000000ead80000)
  from space 1536K, 98% used [0x00000000eb080000,0x00000000eb1f9b70,0x00000000eb200000)
  to   space 3072K, 0% used [0x00000000ead80000,0x00000000ead80000,0x00000000eb080000)
 ParOldGen       total 337408K, used 280834K [0x00000000c0000000, 0x00000000d4980000, 0x00000000eab00000)
  object space 337408K, 83% used [0x00000000c0000000,0x00000000d1240b48,0x00000000d4980000)
 Metaspace       used 92384K, committed 93760K, reserved 1179648K
  class space    used 9462K, committed 10112K, reserved 1048576K
}
Event: 579.966 GC heap before
{Heap before GC invocations=648 (full 11):
 PSYoungGen      total 4096K, used 4070K [0x00000000eab00000, 0x00000000eb500000, 0x0000000100000000)
  eden space 2560K, 100% used [0x00000000eab00000,0x00000000ead80000,0x00000000ead80000)
  from space 1536K, 98% used [0x00000000eb080000,0x00000000eb1f9b70,0x00000000eb200000)
  to   space 3072K, 0% used [0x00000000ead80000,0x00000000ead80000,0x00000000eb080000)
 ParOldGen       total 337408K, used 280834K [0x00000000c0000000, 0x00000000d4980000, 0x00000000eab00000)
  object space 337408K, 83% used [0x00000000c0000000,0x00000000d1240b48,0x00000000d4980000)
 Metaspace       used 92390K, committed 93760K, reserved 1179648K
  class space    used 9462K, committed 10112K, reserved 1048576K
}
Event: 579.967 GC heap after
{Heap after GC invocations=648 (full 11):
 PSYoungGen      total 4608K, used 1622K [0x00000000eab00000, 0x00000000eb180000, 0x0000000100000000)
  eden space 2560K, 0% used [0x00000000eab00000,0x00000000eab00000,0x00000000ead80000)
  from space 2048K, 79% used [0x00000000ead80000,0x00000000eaf15b48,0x00000000eaf80000)
  to   space 2048K, 0% used [0x00000000eaf80000,0x00000000eaf80000,0x00000000eb180000)
 ParOldGen       total 337408K, used 281636K [0x00000000c0000000, 0x00000000d4980000, 0x00000000eab00000)
  object space 337408K, 83% used [0x00000000c0000000,0x00000000d1309148,0x00000000d4980000)
 Metaspace       used 92390K, committed 93760K, reserved 1179648K
  class space    used 9462K, committed 10112K, reserved 1048576K
}
Event: 580.075 GC heap before
{Heap before GC invocations=649 (full 11):
 PSYoungGen      total 4608K, used 4182K [0x00000000eab00000, 0x00000000eb180000, 0x0000000100000000)
  eden space 2560K, 100% used [0x00000000eab00000,0x00000000ead80000,0x00000000ead80000)
  from space 2048K, 79% used [0x00000000ead80000,0x00000000eaf15b48,0x00000000eaf80000)
  to   space 2048K, 0% used [0x00000000eaf80000,0x00000000eaf80000,0x00000000eb180000)
 ParOldGen       total 337408K, used 281636K [0x00000000c0000000, 0x00000000d4980000, 0x00000000eab00000)
  object space 337408K, 83% used [0x00000000c0000000,0x00000000d1309148,0x00000000d4980000)
 Metaspace       used 92390K, committed 93760K, reserved 1179648K
  class space    used 9462K, committed 10112K, reserved 1048576K
}
Event: 580.076 GC heap after
{Heap after GC invocations=649 (full 11):
 PSYoungGen      total 4608K, used 1574K [0x00000000eab00000, 0x00000000eb180000, 0x0000000100000000)
  eden space 2560K, 0% used [0x00000000eab00000,0x00000000eab00000,0x00000000ead80000)
  from space 2048K, 76% used [0x00000000eaf80000,0x00000000eb109b58,0x00000000eb180000)
  to   space 2048K, 0% used [0x00000000ead80000,0x00000000ead80000,0x00000000eaf80000)
 ParOldGen       total 337408K, used 281636K [0x00000000c0000000, 0x00000000d4980000, 0x00000000eab00000)
  object space 337408K, 83% used [0x00000000c0000000,0x00000000d1309148,0x00000000d4980000)
 Metaspace       used 92390K, committed 93760K, reserved 1179648K
  class space    used 9462K, committed 10112K, reserved 1048576K
}

